<?xml version="1.0" encoding="UTF-8"?>
<testsuite xmlns:xsi="http://www.w3.org/2001/XMLSchema-instance" xsi:noNamespaceSchemaLocation="https://maven.apache.org/surefire/maven-surefire-plugin/xsd/surefire-test-report-3.0.xsd" version="3.0" name="com.automation.suite.RunWIPCukes" time="57.785" tests="7" errors="0" skipped="0" failures="0">
  <properties>
[...]
</properties>
  <testcase name="Verify Add new TODO task" classname="Verify Todo MVC" time="2.762"/>
  <testcase name="Verify Number of Items left count matching with Active Tasks" classname="Verify Todo MVC" time="1.129"/>
  <testcase name="Verify Completed TODO task" classname="Verify Todo MVC" time="1.26"/>
  <testcase name="Verify Number of Items left count" classname="Verify Todo MVC" time="0.87"/>
  <testcase name="Verify Rename Todo task" classname="Verify Todo MVC" time="2.801"/>
  <testcase name="Verify Mark all tasks as completed" classname="Verify Todo MVC" time="1.428"/>
  <testcase name="Verify Clear Completed tasks" classname="Verify Todo MVC" time="41.126"/>
</testsuite>